  20
 Etot=         -33.8786898273
 C         -2.1781787345       -0.3150552619        0.3891189373
 C         -0.9496701242        0.5446392236        0.0692999975
 N          0.1185181130        0.3141872402        0.8589537439
 C          1.4110636031        0.8894121777        0.5897326428
 C          2.3858935619       -0.0940312620       -0.0359149664
 O          3.4985054657        0.2050018592       -0.3982765687
 N         -3.4125381153        0.2642040459       -0.1117237238
 O         -0.9502977570        1.3790822504       -0.8257904625
 O          1.8908251249       -1.3165772018       -0.1258496737
 H         -3.5692954753        1.1691967070        0.3191897757
 H         -3.3163403734        0.4288754085       -1.1096983069
 C         -1.9685616134       -1.6957772410       -0.2421239166
 H         -2.2757621982       -0.4167337294        1.4755001543
 H          0.0828547433       -0.4470221343        1.5199658789
 H          1.8620135843        1.2852598912        1.5047556295
 H          1.2702088818        1.7192699671       -0.1105098252
 H          2.5170950529       -1.9456570443       -0.5291705096
 H         -2.8444076620       -2.3094383079       -0.0549591019
 H         -1.8403610602       -1.5921890023       -1.3175473341
 H         -1.0890590766       -2.1818499330        0.1696614294
