20
 energy: -33.863663409939 gnorm: 0.087112320549 xtb: 6.7.1 (edcfbbe)
C            2.08144000000000        0.61510000000000       -0.50843000000000
C            2.74223000000000        1.82403000000000       -1.20082000000000
N            4.11779000000000        1.79987000000000       -1.19041000000000
C            4.94357000000000        2.82704000000000       -1.82206000000000
C            6.44008000000000        2.56936000000000       -1.63760000000000
O            7.35160000000000        3.25227000000000       -2.06909000000000
N            0.61010000000000        0.69509000000000       -0.53878000000000
O            2.09556000000000        2.72494000000000       -1.73967000000000
O            6.70522000000000        1.46341000000000       -0.89746000000000
H            0.30308000000000        1.42606000000000        0.10377000000000
H            0.33842000000000        1.05068000000000       -1.46048000000000
C            2.48875300000000       -0.59340000000000       -1.19844800000000
H            2.41650000000000        0.55740000000000        0.53205000000000
H            4.61410000000000        1.08198000000000       -0.67055000000000
H            4.69985000000000        3.79446000000000       -1.37372000000000
H            4.72289000000000        2.84469000000000       -2.89418000000000
H            7.68740000000000        1.44862000000000       -0.86034000000000
H            2.02920100000000       -1.45700800000000       -0.71999900000000
H            2.17023300000000       -0.54241100000000       -2.23857600000000
H            3.57273000000000       -0.68840500000000       -1.15499800000000
20
 energy: -33.871996205878 gnorm: 0.036223917156 xtb: 6.7.1 (edcfbbe)
C            2.08837656586976        0.63273382741667       -0.50756787752049
C            2.75926819770818        1.84013635481259       -1.18459808785840
N            4.11496915012775        1.80928645042123       -1.17486044255652
C            4.93665265731179        2.82383039893121       -1.81251912736372
C            6.41850196968474        2.56832124291863       -1.62881145619142
O            7.30072990876598        3.25775322436831       -2.07945176786221
N            0.62626429662393        0.73116925895951       -0.52777276056222
O            2.12240712264216        2.72488892749112       -1.73990430961857
O            6.69856637695698        1.47487303478347       -0.90074325826818
H            0.31301373464835        1.45818638045051        0.10984256643496
H            0.34249526612221        1.04800622431388       -1.45543697132156
C            2.50136022471988       -0.62563840899917       -1.21465112798044
H            2.40694671197583        0.59752082856240        0.54044617687650
H            4.60575653990187        1.09373865303729       -0.65746256791169
H            4.70503698317081        3.80749529490956       -1.39100525414045
H            4.72142217669952        2.85654548816223       -2.88545448190128
H            7.67504776561762        1.42319652407124       -0.85004810255615
H            2.02946794746208       -1.48311571477422       -0.74240948074827
H            2.18396617184915       -0.58939889329371       -2.25512266649582
H            3.58049723214139       -0.75575309654273       -1.18226000245408
20
 energy: -33.873990883111 gnorm: 0.012207127541 xtb: 6.7.1 (edcfbbe)
C            2.09571170535810        0.64161525791707       -0.51005735959459
C            2.77339591512985        1.83667120622444       -1.19840068088864
N            4.11581471829342        1.81476390816897       -1.16406252693328
C            4.93286577809439        2.82409924124293       -1.79814155424578
C            6.40805078949090        2.57210572185433       -1.62618091658061
O            7.26763184572454        3.27925273554734       -2.09006379412671
N            0.64322811906782        0.75435810440714       -0.51888195645268
O            2.13901168150482        2.72503978585815       -1.74665096678108
O            6.69388141868611        1.49071112226717       -0.90472153385435
H            0.33979606119906        1.48893978394006        0.11029035319040
H            0.34528692485403        1.03439077470836       -1.45158847673178
C            2.50072631358549       -0.64947383597129       -1.22342685146652
H            2.41722753682438        0.60968102363161        0.53745653695652
H            4.60318171068632        1.09736595996844       -0.65052884019960
H            4.70391539070122        3.81946889764505       -1.39677246507279
H            4.71775358793607        2.86804231854112       -2.87223707018662
H            7.66454426805128        1.39552125726635       -0.83295931666984
H            2.01206006332811       -1.49334140160098       -0.74540167010439
H            2.18055957675947       -0.61353304183710       -2.26243511815949
H            3.57610359472462       -0.80190281977911       -1.19502679209818
20
 energy: -33.874371895947 gnorm: 0.006215352844 xtb: 6.7.1 (edcfbbe)
C            2.09747206750362        0.64145215160727       -0.51334228700061
C            2.77907527223334        1.83529003238277       -1.19958071358644
N            4.11958144596848        1.81932427105088       -1.15294191289521
C            4.93283180900507        2.82597382945282       -1.79084284568782
C            6.41013347837137        2.58139447057298       -1.62366958999617
O            7.25884186614748        3.29723300373137       -2.09879709225872
N            0.64909896837831        0.76243817566459       -0.51345352185490
O            2.14387091762327        2.71729472612880       -1.76177247180759
O            6.69732385181186        1.50175808424416       -0.91017930759724
H            0.35852178736130        1.51091515761861        0.10533331357819
H            0.34262219812979        1.02043314041284       -1.44865158007154
C            2.49394006459473       -0.66097399211724       -1.22754753430508
H            2.42732551524431        0.60617087821081        0.53095031260959
H            4.60741993635809        1.10069395663338       -0.64090429580896
H            4.70231636214990        3.82370078347668       -1.39437691896016
H            4.71247371028966        2.87190699881133       -2.86512312321387
H            7.66371661417392        1.37997275608559       -0.82713702690869
H            1.99352539028605       -1.49557120062861       -0.74547887778804
H            2.17367958625683       -0.62179866117297       -2.26603924171798
H            3.56697615811258       -0.82383256216599       -1.19623628472876
20
 energy: -33.874583017748 gnorm: 0.006379244790 xtb: 6.7.1 (edcfbbe)
C            2.09914892857526        0.63811333864148       -0.51597957146559
C            2.78391851090643        1.82698250882637       -1.20779449159758
N            4.12492768673148        1.82320407870528       -1.14261650943233
C            4.93370808920415        2.83103561537661       -1.78355997714722
C            6.41544929178941        2.58984305280383       -1.62648235031958
O            7.25521448198646        3.31633042982310       -2.10285654884767
N            0.65302819461349        0.76856745178615       -0.50302019726972
O            2.14835993713363        2.70192353368673       -1.78384107224868
O            6.70354069832249        1.51313721746932       -0.91575808982414
H            0.37855156731114        1.53894491172847        0.09804673746898
H            0.33679523012211        1.00083731348212       -1.44167798471570
C            2.48243273228333       -0.66947929000901       -1.23108362676217
H            2.44145129244968        0.59787310869396        0.52418597644632
H            4.61408689606032        1.10355480550366       -0.63203216310883
H            4.70176554758895        3.82781030714933       -1.38547152291692
H            4.70667283502297        2.87714388229715       -2.85711109066681
H            7.66512405330758        1.37221102826011       -0.82120209238172
H            1.97051728825076       -1.49499755412122       -0.74581985003170
H            2.16280143239850       -0.62673387606198       -2.26935559764450
H            3.55325230594180       -0.84252586404134       -1.19636097753444
20
 energy: -33.874719869495 gnorm: 0.006674591829 xtb: 6.7.1 (edcfbbe)
C            2.10197473211318        0.63306986211466       -0.51797645467708
C            2.78801407440245        1.81663831315068       -1.21728922896519
N            4.12964861723675        1.82724397110957       -1.13201493671927
C            4.93435364365575        2.83733228349891       -1.77671472937518
C            6.42042276334897        2.60182447601500       -1.62356650873630
O            7.25424212661786        3.33207919727688       -2.10406823879402
N            0.65684861722493        0.77361693621719       -0.48978783962255
O            2.15337245447270        2.68046569446582       -1.81238928248694
O            6.71006112312456        1.52156879318505       -0.92156532384076
H            0.39852693104259        1.56888132769188        0.08829066821001
H            0.33037577004098        0.97888085596480       -1.43160491969032
C            2.46909291824114       -0.67530247205474       -1.23399809354801
H            2.45608970565284        0.58866986646211        0.51834208025541
H            4.62024250090613        1.10908611374782       -0.62013649494362
H            4.70162499453635        3.83209631486876       -1.37515282411709
H            4.70197824601110        2.88126285134609       -2.84914799601541
H            7.66778225794835        1.36779599058148       -0.82366536770582
H            1.94665969780360       -1.49389305014491       -0.74848343699645
H            2.15151741049669       -0.62870645442908       -2.27265719345241
H            3.53791841512300       -0.85883487106783       -1.19620487877897
20
 energy: -33.874823524350 gnorm: 0.006310051954 xtb: 6.7.1 (edcfbbe)
C            2.10623262271086        0.62820362018141       -0.51895436251993
C            2.79179483824166        1.80675743903609       -1.22634792390059
N            4.13287768699351        1.83098201282495       -1.12299800391934
C            4.93460701590685        2.84293131293504       -1.77116504039525
C            6.42329379498847        2.60782133275334       -1.62590402139834
O            7.25403232712708        3.34336157949200       -2.10162286356705
N            0.66149453837988        0.77857283532746       -0.47539439998206
O            2.15906608283389        2.65712708213842       -1.84234762106653
O            6.71473968477668        1.52725564440861       -0.92489788766938
H            0.41676575500895        1.59569670343180        0.07861093745127
H            0.32444224856154        0.95827147760545       -1.41879582404900
C            2.45631785024419       -0.67900608404663       -1.23676746753535
H            2.46982785789421        0.58142270745018        0.51418548293825
H            4.62475255287525        1.11622433664342       -0.60775285528400
H            4.70361977445428        3.83569956989401       -1.36462623759463
H            4.69694761666957        2.88622350871313       -2.84179085075387
H            7.67046630616994        1.37135676353813       -0.82556837666695
H            1.92464643499819       -1.49322315059628       -0.75393668578033
H            2.14146185084631       -0.62799775258523       -2.27621406052004
H            3.52336016031860       -0.87390493914510       -1.19750293778684
20
 energy: -33.874923100784 gnorm: 0.005866991640 xtb: 6.7.1 (edcfbbe)
C            2.11160130595886        0.62416418341190       -0.51931618815141
C            2.79563302795303        1.79625491853993       -1.23792398806453
N            4.13478010921666        1.83548157072096       -1.11446220844838
C            4.93472791245375        2.84836719097649       -1.76515263277681
C            6.42385161770110        2.61483447823081       -1.62240013001171
O            7.25413176503656        3.34998449361931       -2.09782317479893
N            0.66727290082014        0.78414673215966       -0.45977387539958
O            2.16540253053128        2.63100126208659       -1.87609797003311
O            6.71784523923792        1.52973051196486       -0.92699529396054
H            0.43433498287702        1.61983438252014        0.06952105232612
H            0.31815433631738        0.93767200899221       -1.40322874025177
C            2.44413318376994       -0.68200598018580       -1.23982859523826
H            2.48354130724334        0.57728932167617        0.51093853114070
H            4.62748335221879        1.12773556506675       -0.59081490948373
H            4.70584937286829        3.84036094207674       -1.35601211284874
H            4.69294961749074        2.89077169207341       -2.83408647213492
H            7.67422837091494        1.37656962346547       -0.83375867950628
H            1.90363548287371       -1.49316454793278       -0.76134995184294
H            2.13190564559086       -0.62550359904250       -2.28016540662562
H            3.50928493892554       -0.88974875042014       -1.20106025388954
20
 energy: -33.875016008220 gnorm: 0.005279468972 xtb: 6.7.1 (edcfbbe)
C            2.11725588874217        0.62102511325556       -0.51959717387964
C            2.79981922633480        1.78632120818784       -1.24965046433281
N            4.13547847490335        1.84155731338094       -1.10444164632096
C            4.93493558427463        2.85312380216518       -1.75780966776070
C            6.42271310424492        2.61743017897344       -1.62155765282089
O            7.25357777484575        3.35368160723035       -2.09400910643467
N            0.67426704389790        0.79095997939518       -0.44276147008207
O            2.17235784325918        2.60136804529121       -1.91491359832207
O            6.72031387882058        1.53057765840755       -0.92789774600533
H            0.45380568969873        1.64445464343124        0.06074993764354
H            0.31077819609867        0.91448930248589       -1.38516116245700
C            2.43233943645520       -0.68599047131579       -1.24438373699153
H            2.49806789597684        0.57525683473718        0.50731903824950
H            4.62834682414068        1.14454119689757       -0.56679000273977
H            4.71030355099943        3.84585152354816       -1.34744515006918
H            4.68750496695532        2.89687587551059       -2.82500440024913
H            7.67951498448194        1.38572958062556       -0.84253274029464
H            1.88251802282838       -1.49412717254248       -0.77091091300671
H            2.12176179098264       -0.62162505409144       -2.28520233531254
H            3.49508682205874       -0.90772516557350       -1.20779100881338
20
 energy: -33.875077668811 gnorm: 0.003303931525 xtb: 6.7.1 (edcfbbe)
C            2.12107998861372        0.61873593065003       -0.52038630399763
C            2.80361735285254        1.77695169198287       -1.26138769318488
N            4.13543921840220        1.84901650778221       -1.09347716825031
C            4.93537168447387        2.85767257822497       -1.74939505821286
C            6.42126758760823        2.61919791729826       -1.61911327373622
O            7.25277192916841        3.35418830909129       -2.09361810945411
N            0.68033271817120        0.79728222661899       -0.42875104508554
O            2.17889139804285        2.57297043592023       -1.95151736499288
O            6.72263656764736        1.53010922720730       -0.92929706600233
H            0.47161240518171        1.66563363920700        0.05279856968156
H            0.30374094600204        0.89362208046807       -1.36838113371557
C            2.42275014564006       -0.69085802181644       -1.24959247216378
H            2.51122207340532        0.57336815271878        0.50292022256907
H            4.62731066476603        1.16525682268552       -0.53749179468821
H            4.71574875952795        3.85248250496484       -1.34008257107962
H            4.68176273404327        2.90274276868617       -2.81537816857338
H            7.68517127902346        1.39257054671117       -0.85327447857812
H            1.86505734950945       -1.49519519576480       -0.77879813215633
H            2.11195708843830       -0.61853586036986       -2.29004507727494
H            3.48300510948185       -0.92343626226636       -1.21552288110390
20
 energy: -33.875105909487 gnorm: 0.001957798455 xtb: 6.7.1 (edcfbbe)
C            2.12221909667509        0.61781901646820       -0.52136908035448
C            2.80580569482296        1.77246764106497       -1.26676196490898
N            4.13475868745187        1.85538856046325       -1.08516169214121
C            4.93574523058563        2.86086542493061       -1.74346475456775
C            6.42066188159194        2.61776110453150       -1.62001456356040
O            7.25249478092615        3.35132716228128       -2.09736811265897
N            0.68349961461480        0.80053694278998       -0.42331295327206
O            2.18336703943940        2.55625109086704       -1.97240888861067
O            6.72365419628917        1.52885549066460       -0.93102710353159
H            0.47996677082067        1.67489075331432        0.04766147330948
H            0.29922339575533        0.88223644691867       -1.35997207778564
C            2.41878012314786       -0.69390191471933       -1.25307385253406
H            2.51779986244964        0.57111820173363        0.49958398599470
H            4.62458000048574        1.18204942225432       -0.51452723865809
H            4.72163475767247        3.85750551157840       -1.33472389302546
H            4.67667074783065        2.90704587423192       -2.80857784306789
H            7.68781837215678        1.39451262077740       -0.86006404935406
H            1.85787517497758       -1.49554104442044       -0.78205595949269
H            2.10649571637076       -0.61741504955421       -2.29266212214288
H            3.47769585593534       -0.92999725617585       -1.22049030963728
20
 energy: -33.875115456631 gnorm: 0.005106555529 xtb: 6.7.1 (edcfbbe)
C            2.12441117601195        0.61575750296081       -0.52385695985556
C            2.80980917920373        1.76387204037122       -1.27769655333868
N            4.13430891458861        1.86870215657242       -1.06787779101640
C            4.93644001130952        2.86950328018784       -1.73058704536302
C            6.42110836074635        2.61676195397120       -1.62214556090030
O            7.25210839505451        3.34678201794696       -2.10775571729387
N            0.68900304997446        0.80584630249028       -0.41269812568725
O            2.19166548038101        2.52552100578593       -2.01285024518895
O            6.72505302759265        1.52696094916775       -0.93682330236500
H            0.49581191980500        1.69707927451206        0.03599244556446
H            0.28926956479474        0.85483896908538       -1.34756806614315
C            2.41159375872995       -0.69937735047530       -1.25899833373446
H            2.53045685639678        0.56594804745244        0.49287282111748
H            4.61948181469554        1.21400567523510       -0.47117251206815
H            4.73410707302757        3.86814099200782       -1.31986019921622
H            4.66560668539021        2.91806067772255       -2.79331787810575
H            7.68982682069606        1.38943499777884       -0.87335922332988
H            1.84620265399183       -1.49603455568277       -0.78575645335034
H            2.09551140487251       -0.61790596990332       -2.29682568889026
H            3.46897085273683       -0.94012196718697       -1.22950661083468
20
 energy: -33.875146799213 gnorm: 0.005217464241 xtb: 6.7.1 (edcfbbe)
C            2.12302083475025        0.61647272077443       -0.52524944784681
C            2.80984561690803        1.76450729992724       -1.27784249028909
N            4.13223611336159        1.87518983673519       -1.06252092367602
C            4.93648759559865        2.87294428803180       -1.72664664453054
C            6.42077788761926        2.61167468871542       -1.62588306365318
O            7.25303107956392        3.33604401308882       -2.11842307163634
N            0.68864354522048        0.80445707067573       -0.41821022429691
O            2.19419341892698        2.52115130114710       -2.01778940456685
O            6.72231829347122        1.52289383317281       -0.93901806492283
H            0.49082102661048        1.68972708277309        0.03396413684439
H            0.28965921256967        0.85630890790451       -1.34907702079464
C            2.41528469927870       -0.69923511771203       -1.25971975345063
H            2.52814620342632        0.56469697706785        0.49140936324256
H            4.61313304495312        1.22968944049069       -0.45289483503341
H            4.74252561122330        3.87258441175069       -1.31421549636205
H            4.66012316028154        2.92307534224460       -2.78806333784924
H            7.68680428318298        1.38155085552780       -0.87889691135958
H            1.85451210562047       -1.49613463074048       -0.78248777886712
H            2.09560555319160       -0.62011993367456       -2.29624471393157
H            3.47357771424130       -0.93370238790049       -1.23198131702013
20
 energy: -33.875176068194 gnorm: 0.003845490215 xtb: 6.7.1 (edcfbbe)
C            2.12350922698444        0.61691717155009       -0.52570934863459
C            2.80948747676789        1.76559018455071       -1.27794306370362
N            4.13125680673805        1.87791873099113       -1.06089841390322
C            4.93622816057639        2.87561132379270       -1.72477276750278
C            6.42047888203389        2.60926175950769       -1.62847387412769
O            7.25356632804456        3.33037238647485       -2.12340860472114
N            0.68821629498782        0.80261258622074       -0.42077774710057
O            2.19477419765920        2.52003629968118       -2.02109860146675
O            6.71928256484085        1.52028581084309       -0.94035488466203
H            0.48701658175405        1.68615426078661        0.03284218091921
H            0.29092824523926        0.85638810469463       -1.35196354433402
C            2.41778039978341       -0.69767602990186       -1.25864064944299
H            2.52637581460433        0.56616975558110        0.49191897297888
H            4.61022404228443        1.23506914752732       -0.44823018707591
H            4.74712860180583        3.87417792860157       -1.30821112919083
H            4.65692002165784        2.92847905264331       -2.78475723075097
H            7.68265061170740        1.37357687984634       -0.88171956814412
H            1.86114246232347       -1.49672976067288       -0.77983391861801
H            2.09636658698907       -0.62183784646230       -2.29500981037040
H            3.47741369321768       -0.92860174625582       -1.23274881014844
20
 energy: -33.875277769942 gnorm: 0.004012487904 xtb: 6.7.1 (edcfbbe)
C            2.12695480756752        0.61806201675629       -0.52993303832378
C            2.80948757361602        1.76454453745720       -1.28794403925663
N            4.12575101630134        1.89768533882317       -1.04479811548485
C            4.93546514557703        2.89274694292280       -1.70810393082779
C            6.41840780068986        2.59708841132400       -1.64055077873719
O            7.25593730668989        3.29899770908496       -2.15345053862552
N            0.68879376254040        0.79686971098405       -0.42731923332155
O            2.20122590964715        2.49717401634215       -2.05861718083589
O            6.70533450592738        1.50657067244308       -0.94831680786592
H            0.47818343676272        1.68006086905360        0.02256404367297
H            0.29266593148316        0.84481234933495       -1.35901360295836
C            2.42597175644360       -0.69395158832820       -1.25666422750540
H            2.52526215643457        0.57349689016616        0.49006221328748
H            4.59399340980781        1.27816380085926       -0.40085339788439
H            4.77566079432277        3.88765730136935       -1.27091258841158
H            4.63566691108375        2.96203050659060       -2.76007766520933
H            7.66441710118135        1.33410713214746       -0.90346448187214
H            1.88807788846852       -1.50098516439863       -0.76812128046270
H            2.09261222694947       -0.63129256636424       -2.29083923839740
H            3.49087755850562       -0.91006288656786       -1.24343711097998
20
 energy: -33.875373580109 gnorm: 0.008662315188 xtb: 6.7.1 (edcfbbe)
C            2.13096757092063        0.62069157070932       -0.53713091623115
C            2.81018484568964        1.76328387052726       -1.30276627268547
N            4.11547743115946        1.93097422730997       -1.01732365943310
C            4.93435778977482        2.92002982529051       -1.67814906939702
C            6.41312947352576        2.57506086733243       -1.66008919599433
O            7.25742664849840        3.24498835111314       -2.20519232160566
N            0.68989241793163        0.78892717810268       -0.43981249584022
O            2.21306864156371        2.45919234638972       -2.11687077539643
O            6.68281751566158        1.48300217904738       -0.96264072327912
H            0.46685692085663        1.67402352955476        0.00233783652831
H            0.29477215897203        0.82235127944768       -1.37370301785922
C            2.44091787678047       -0.69053597212915       -1.25370595853310
H            2.52332692068762        0.58631145848188        0.48571085211902
H            4.56553159332386        1.35037310479860       -0.32237743067073
H            4.82420771527651        3.90943692705856       -1.20786427776943
H            4.59959527812480        3.02081240571748       -2.71718615523173
H            7.63555060251076        1.27176523476117       -0.94165185008546
H            1.93295732880095       -1.50818985420771       -0.74764121622791
H            2.08680517804100       -0.64740181743985       -2.28306926290240
H            3.51290309189982       -0.88132071186576       -1.26066508950480
20
 energy: -33.875438644715 gnorm: 0.008787217918 xtb: 6.7.1 (edcfbbe)
C            2.13039660353745        0.62429566691142       -0.53968381153982
C            2.80887885670228        1.76768375452685       -1.30448562716778
N            4.10969066716971        1.94112749309944       -1.01241227051031
C            4.93368768916451        2.92919324454112       -1.66655390756658
C            6.40742789832074        2.56302016236347       -1.66801825982323
O            7.25396082100317        3.21835795563365       -2.22692391808429
N            0.68682158758889        0.78295466251949       -0.45385370509783
O            2.21559460621821        2.45889213809188       -2.11899021822315
O            6.66930734053936        1.46979505998072       -0.97014663630171
H            0.45519534734779        1.66522987674932       -0.00564368785042
H            0.30109502642787        0.82054890767643       -1.39436221447274
C            2.45526689645983       -0.68798393013012       -1.24773428640256
H            2.51482547895773        0.59870423361635        0.48664452583718
H            4.55198949580928        1.36752240329248       -0.31181815909200
H            4.84364715373185        3.91265955316735       -1.17923165285982
H            4.58762375969758        3.05170730613766       -2.69946705993817
H            7.61752095731622        1.24099557409764       -0.95783543335950
H            1.96570745576517       -1.51176704045523       -0.73198825984250
H            2.09166323489916       -0.65785617395822       -2.27440914960142
H            3.53044612334333       -0.86130484786167       -1.26287726810328
20
 energy: -33.875624461248 gnorm: 0.007521371688 xtb: 6.7.1 (edcfbbe)
C            2.13018361524406        0.62729215168016       -0.54308403366925
C            2.81017054317642        1.76697285722500       -1.31312403481198
N            4.10119628680770        1.96551064902322       -0.98690095333845
C            4.93326139481909        2.94595311139647       -1.63858406915062
C            6.39610210538484        2.54559882683062       -1.67954998130837
O            7.24322456219549        3.17879131193271       -2.26314742282699
N            0.68638030944404        0.77970842429659       -0.46954774111261
O            2.22540417726305        2.42769562444536       -2.16443517117035
O            6.65275819889247        1.44882032232937       -0.98770465392119
H            0.45174056355836        1.66221897680847       -0.02344602364816
H            0.30988180895212        0.81484997097347       -1.41201007102028
C            2.47065117280381       -0.68888532080221       -1.24318144627339
H            2.50896332355544        0.61044592793247        0.48535019976630
H            4.53045181389135        1.41436380637349       -0.26201981529272
H            4.87847131542338        3.92127979361740       -1.12944485271319
H            4.56518530545739        3.10124626847695       -2.66014859862283
H            7.59571051909841        1.20135122414592       -0.99908641981393
H            1.99881085507432       -1.51535678814916       -0.71720769787907
H            2.09575381503787       -0.66906848042744       -2.26502840719408
H            3.54644531392059       -0.84501265810888       -1.26748980599872
20
 energy: -33.875770607263 gnorm: 0.006723232018 xtb: 6.7.1 (edcfbbe)
C            2.12786874468120        0.63052839547072       -0.54537335852268
C            2.81179119711423        1.76720537122800       -1.31789357816059
N            4.09269636122112        1.98646546950841       -0.96258063019916
C            4.93336967534310        2.95916544632953       -1.61220926498185
C            6.38236497821597        2.52894640751039       -1.69171050709428
O            7.22801269599516        3.14313237617291       -2.29751489852162
N            0.68439831075748        0.77705295880401       -0.49090050544284
O            2.23665229229607        2.40600605242157       -2.19233908940430
O            6.63707660654046        1.42929359732053       -1.00499354714484
H            0.44511043802936        1.65416357076524       -0.04150056097918
H            0.31990866698046        0.81740575857517       -1.43650013493792
C            2.48791033875225       -0.69017664926705       -1.23752063440439
H            2.49849898966642        0.62033735175795        0.48547340046897
H            4.51129475655311        1.45312380077622       -0.21524186022775
H            4.90918415468290        3.92491376070847       -1.08632078392431
H            4.55003271636188        3.14272805209560       -2.62208892669059
H            7.57643675314401        1.16983736531868       -1.04674253275351
H            2.02685071660892       -1.51511300808773       -0.70436865135989
H            2.10851512709583       -0.67899150613324       -2.25599109211310
H            3.56277347996036       -0.83224857127546       -1.26347384360602
20
 energy: -33.875892081934 gnorm: 0.009349340401 xtb: 6.7.1 (edcfbbe)
C            2.12528760665701        0.63448012870184       -0.54834184079116
C            2.81289053737245        1.77106720111809       -1.31803757469725
N            4.08291428411768        2.00998494826181       -0.93624376077698
C            4.93269766496101        2.97722671408692       -1.58200464586392
C            6.36903649089998        2.50924098713434       -1.71007509471156
O            7.21287529074700        3.10117061477300       -2.34315106200057
N            0.67985215298157        0.77012918388723       -0.52151769403775
O            2.24901119979588        2.39068262269849       -2.21296035060342
O            6.61819186236100        1.40571714898578       -1.02658672786454
H            0.42746686097419        1.63992960210271       -0.06518339773822
H            0.33586320625276        0.82263724456639       -1.47501800115625
C            2.51003643697071       -0.68925297067228       -1.22682223220628
H            2.47985826338517        0.63375932394740        0.48808348273276
H            4.49013658778463        1.48791091027299       -0.17603688945108
H            4.94838814340435        3.93097396944886       -1.02891039703655
H            4.52597787916159        3.19475973300219       -2.57798070526760
H            7.55162358974501        1.12524507431553       -1.09898436967305
H            2.06369466349532       -1.51559216222867       -0.68307792267914
H            2.12772381323366       -0.69490284460429       -2.24425657454845
H            3.58722046569945       -0.81139142979848       -1.25268524162883
20
 energy: -33.875850166784 gnorm: 0.019677451246 xtb: 6.7.1 (edcfbbe)
C            2.11566394350706        0.64046945583234       -0.54669587549555
C            2.81576505936079        1.78244684097594       -1.29795661823164
N            4.07269552399965        2.02677293763722       -0.90349377011204
C            4.93214746488382        2.98921823811411       -1.54591327896366
C            6.34497138014869        2.49040306196684       -1.73364848012165
O            7.17429210997185        3.07207477644572       -2.38842184949836
N            0.66761474765434        0.76082523948446       -0.58158462219005
O            2.26731635774481        2.40094512747955       -2.19261917540785
O            6.60022619383114        1.37367935260007       -1.06976307177374
H            0.39270667136773        1.61058133811103       -0.10044075257106
H            0.37379895504485        0.86185419245299       -1.55336021448614
C            2.54373078465436       -0.68798747833954       -1.20271838097371
H            2.43417301213076        0.64933361668432        0.50123144420338
H            4.47648652334439        1.48282919704743       -0.17105189832377
H            4.98524560028381        3.91960601791159       -0.96509059339370
H            4.50873289995244        3.24605088893106       -2.52260284175396
H            7.52552789175230        1.08814683767054       -1.18231331069257
H            2.09365046058123       -1.50651520654776       -0.65652920662385
H            2.18572362349148       -0.71296957589966       -2.22730858382653
H            3.62027779629503       -0.79398885855846       -1.19950991976337
20
 energy: -33.876196514752 gnorm: 0.005602127108 xtb: 6.7.1 (edcfbbe)
C            2.11744143078908        0.64095568681986       -0.54911895457337
C            2.81692271800826        1.78085728054684       -1.30318237493957
N            4.07441135710158        2.02911953763670       -0.89945658955402
C            4.93252706916703        2.99301863605875       -1.54221213276026
C            6.34850651691892        2.49576955095187       -1.73038118822823
O            7.17620944916587        3.07409404801118       -2.39246600959451
N            0.66977834055772        0.75880348566174       -0.58409928355219
O            2.26679053671694        2.40288692357820       -2.20134466296750
O            6.59853320757068        1.37270474251299       -1.07530403081175
H            0.38638248655503        1.60715407868490       -0.10526265080239
H            0.37559573175055        0.85626148160956       -1.55288952166370
C            2.54072846075484       -0.68514761794790       -1.19863822694787
H            2.43079149454224        0.64984754126904        0.50008044957253
H            4.48292269835544        1.47895985666255       -0.16219798525922
H            4.98898639898036        3.92331840449100       -0.96090955030512
H            4.50387761672982        3.24724072322718       -2.51716385589914
H            7.52042386052240        1.07769896163303       -1.19361902326274
H            2.08690282969721       -1.50783055775360       -0.65671765063272
H            2.19274253106097       -0.71114195639358       -2.22828996893459
H            3.62027226505558       -0.79079480726050       -1.18661778888349
20
 energy: -33.876273260009 gnorm: 0.002518744201 xtb: 6.7.1 (edcfbbe)
C            2.11772531007124        0.64168787587355       -0.55089542897458
C            2.81828133435288        1.78137031912964       -1.30274620252605
N            4.07498038454737        2.03269349016354       -0.89282401528487
C            4.93251235915606        2.99593470867728       -1.53758222864931
C            6.34712003928183        2.49365735048943       -1.73747329170443
O            7.17538079863058        3.07605977321812       -2.39555668745814
N            0.66998857757503        0.75798081302510       -0.58790222905879
O            2.27117780591750        2.40240956147956       -2.20553667012693
O            6.59549460095791        1.36951150782251       -1.08451523619595
H            0.37923177981608        1.60562372215314       -0.11214986502439
H            0.37545067427400        0.85012851971185       -1.55556985494777
C            2.54165882541986       -0.68252675522684       -1.19503328540516
H            2.42661833091634        0.65381370536205        0.49946286860325
H            4.48644223529996        1.47793741485966       -0.15550955529207
H            4.99598660283433        3.92462564817070       -0.95393969119955
H            4.49751113840308        3.25204010938518       -2.50896185013673
H            7.51618385782887        1.07017599680404       -1.20212797578279
H            2.08110105237838       -1.50683313519301       -0.65896152516892
H            2.20555892304457       -0.70980061495475       -2.22952177252242
H            3.62234236929466       -0.79271401095096       -1.17244650314424
20
 energy: -33.876324526203 gnorm: 0.003778731958 xtb: 6.7.1 (edcfbbe)
C            2.11777292592486        0.64272246820788       -0.55160493153803
C            2.82077191673540        1.78132988359853       -1.30172053328905
N            4.07468231369347        2.03787706684084       -0.88420473842599
C            4.93217756609398        2.99957362449923       -1.53119664121834
C            6.34582584566237        2.49419102159369       -1.73986769035962
O            7.17222607457215        3.07729447827908       -2.39942469754111
N            0.66989640934943        0.75720219677516       -0.59323491291016
O            2.27853789560468        2.39985744868943       -2.20941541780160
O            6.59094043050913        1.36423801382524       -1.09655294774974
H            0.37317721926474        1.60534006230578       -0.12220359929840
H            0.37609803900222        0.84236768684579       -1.56131259437713
C            2.54442986736627       -0.68066018717598       -1.19073773857288
H            2.42196236037209        0.65883011264278        0.50021178433948
H            4.48737184454973        1.48073964470252       -0.14793416945744
H            5.00300366175497        3.92636207821373       -0.94558112052087
H            4.49127051433504        3.25826269689585       -2.49916103598777
H            7.50878526432487        1.05765168361080       -1.21889574937711
H            2.07437151730410       -1.50488757247655       -0.66177221305506
H            2.22240655260712       -0.70765584869900       -2.23028742971063
H            3.62503878097395       -0.79686055917500       -1.15489462314842
20
 energy: -33.876404809072 gnorm: 0.004692158953 xtb: 6.7.1 (edcfbbe)
C            2.11820884323073        0.64452707275745       -0.55165064002168
C            2.82523229309044        1.78140707322793       -1.29972338990201
N            4.07308676272502        2.04809641506887       -0.86877712512370
C            4.93147526984572        3.00612063000311       -1.51960491890438
C            6.34093194008369        2.49251705107038       -1.74634513494750
O            7.16527339252440        3.07852927346290       -2.40533659913729
N            0.67029384790995        0.75583116458916       -0.60264145094773
O            2.29175273994919        2.39431770132699       -2.21599096141679
O            6.58116473434013        1.35342027525795       -1.11852619312871
H            0.36663786715675        1.60649337924432       -0.14102232565841
H            0.37927423114517        0.82864931728339       -1.57268018692482
C            2.55029652894321       -0.67905234469035       -1.18349156305343
H            2.41476801692775        0.66613593264552        0.50259399518237
H            4.48623602504439        1.48876871989761       -0.13494194096874
H            5.01579896624323        3.92916564148684       -0.93019163978781
H            4.48118944264587        3.27124356768438       -2.48152187933351
H            7.49478669262495        1.03685362133927       -1.24777955738815
H            2.06201377025687       -1.50165122632223       -0.66762235479173
H            2.25286214599646       -0.70247414384030       -2.23113998523502
H            3.62946348931665       -0.80512312149337       -1.12339714851087
20
 energy: -33.876508671747 gnorm: 0.005044946642 xtb: 6.7.1 (edcfbbe)
C            2.11911856341783        0.64707998000502       -0.55096552320375
C            2.83131874263776        1.78177593173233       -1.29692659562719
N            4.06936540939195        2.06433489613828       -0.84609900479516
C            4.93053612461261        3.01635079954755       -1.50161031178561
C            6.33179499438705        2.48927266902316       -1.75471801307272
O            7.15412031602693        3.07836969681740       -2.41303204538293
N            0.67142268654664        0.75393355250344       -0.61690715889094
O            2.31009001623005        2.38416326499624       -2.22660630730606
O            6.56394907566406        1.33515589530660       -1.15198125873568
H            0.36118814956405        1.61039299939776       -0.17074474756917
H            0.38723308905512        0.80922996416368       -1.59071873054975
C            2.56048867019025       -0.67838760016381       -1.17286349624301
H            2.40482244128648        0.67515935239381        0.50645781170600
H            4.48123444674291        1.50414801363357       -0.11428113815251
H            5.03452308220650        3.93340274113390       -0.90628844177985
H            4.46835430063421        3.29289501441047       -2.45489909303409
H            7.47123384333620        1.00539210984445       -1.29380455896388
H            2.04591644218415       -1.49719884854027       -0.67589960500758
H            2.29791800373042       -0.69523723590581       -2.23071583368782
H            3.63611860215543       -0.81645719643794       -1.07718694791823
20
 energy: -33.876612078761 gnorm: 0.004685364258 xtb: 6.7.1 (edcfbbe)
C            2.12044471933499        0.64980084110986       -0.54991712878166
C            2.83752874489434        1.78204600846614       -1.29467278498930
N            4.06438515884093        2.08194429202989       -0.82314486890065
C            4.92988133767853        3.02786050382541       -1.48150368482959
C            6.31984724693864        2.48454825815623       -1.76315121947017
O            7.14220784315752        3.07584032373342       -2.41933278837089
N            0.67321700814213        0.75211236610234       -0.63280496465553
O            2.32814692422330        2.37129456376398       -2.23890666023456
O            6.54174186817964        1.31365237407456       -1.18858576454585
H            0.35863340077704        1.61618432608228       -0.20434971688101
H            0.39915988701218        0.79037470854565       -1.61093770040658
C            2.57257851043156       -0.67862910086661       -1.16136295697119
H            2.39479208801452        0.68345879252268        0.51042630611355
H            4.47301232167483        1.52294854606428       -0.09060040965788
H            5.05467967379859        3.93738741033809       -0.87879220008397
H            4.45723011214343        3.31907077433172       -2.42560711734370
H            7.44222317923024        0.97211007777716       -1.34597221789067
H            2.03428381074226       -1.49270758157902       -0.68271368851442
H            2.34387573902112       -0.69008951873029       -2.22710770849309
H            3.64287742576486       -0.82543196574792       -1.03075372509281
20
 energy: -33.876723231614 gnorm: 0.003929308864 xtb: 6.7.1 (edcfbbe)
C            2.12231516935064        0.65258497688119       -0.54901026021710
C            2.84387418606643        1.78237571996566       -1.29297263312898
N            4.05825254396418        2.10027821663872       -0.80097785903646
C            4.92979689519426        3.04047456131056       -1.45937780573290
C            6.30509116239877        2.47841231013161       -1.77135929316830
O            7.13016552442906        3.06970766908159       -2.42435064703795
N            0.67585551697041        0.75040375193317       -0.65098836586262
O            2.34581454648101        2.35597256284554       -2.25257213449358
O            6.51340933711800        1.28957056443817       -1.22778660588328
H            0.35838268019492        1.62285357111198       -0.24151799086535
H            0.41531550587520        0.77351809284722       -1.63354924206095
C            2.58671463909293       -0.67944013069962       -1.14874825572532
H            2.38419670259520        0.69118835163863        0.51409918355341
H            4.46114845866506        1.54502948420796       -0.06351207153628
H            5.07662772486045        3.94013172922668       -0.84714594639842
H            4.44839989708204        3.35028773603923       -2.39341739020031
H            7.40617319671959        0.93762384994153       -1.40508559460212
H            2.02939088755605       -1.48854472549082       -0.68666632899059
H            2.38964568172955       -0.68819473693709       -2.21959561956161
H            3.65017674365696       -0.83045755511207       -0.98525613905135
20
 energy: -33.876824235988 gnorm: 0.003550016801 xtb: 6.7.1 (edcfbbe)
C            2.12448690864824        0.65522849853603       -0.54870765300551
C            2.85014033742807        1.78286837041473       -1.29169310448053
N            4.05201142276710        2.11746073835622       -0.78134895751847
C            4.93048827048558        3.05306910571906       -1.43696617008768
C            6.28904045943703        2.47112293464619       -1.77975801728796
O            7.11903419201641        3.05950046666122       -2.42967846958385
N            0.67903047586373        0.74852630294170       -0.67085490909856
O            2.36233746973173        2.34063178563747       -2.26590480590174
O            6.48112722016752        1.26577781586231       -1.26637136987738
H            0.35789806143553        1.62756366829497       -0.27848175307371
H            0.43364103212672        0.76014290298432       -1.65723670985521
C            2.60199994804608       -0.67964630530108       -1.13557205898241
H            2.37244552456441        0.69857494657320        0.51727947394386
H            4.44695585224819        1.56849867653979       -0.03423472160037
H            5.09968646759327        3.94067713996038       -0.81334714127236
H            4.44169124261660        3.38404529938835       -2.36013753181762
H            7.36519811799274        0.90440174294906       -1.46730125014066
H            2.02934233522153       -1.48523665400742       -0.68831363186709
H            2.43516186339277       -0.68814175628446       -2.21076634309431
H            3.65902979821751       -0.83128967987217       -0.94039587539854
20
 energy: -33.876910826425 gnorm: 0.003456416355 xtb: 6.7.1 (edcfbbe)
C            2.12644450000793        0.65798139958404       -0.54924545780498
C            2.85609546532132        1.78384714703347       -1.29074187198750
N            4.04663950060568        2.13204254167557       -0.76524520035990
C            4.93211437211676        3.06443185935752       -1.41585199504039
C            6.27375298084155        2.46355007868150       -1.78766887243506
O            7.10934626548021        3.04643097087449       -2.43594009068378
N            0.68215192382082        0.74595504364693       -0.69141387205075
O            2.37760176551684        2.32809734063997       -2.27724581681271
O            6.44795193496528        1.24404718916861       -1.30198976102818
H            0.35488136714549        1.62837978342624       -0.31227501654411
H            0.45164816113457        0.74956031804174       -1.68102806323525
C            2.61747504114661       -0.67840361506393       -1.12224740822838
H            2.35977225958602        0.70706017449419        0.51963153083299
H            4.43165417762744        1.59178626876598       -0.00508371701467
H            5.12277618101589        3.93828284421982       -0.77971127780023
H            4.43737324195165        3.41745615341575       -2.32774026567016
H            7.32243610682316        0.87385952323666       -1.52783944836635
H            2.03487236208612       -1.48287807071582       -0.68702303773473
H            2.47681104132754       -0.68969990660519       -2.20053948024402
H            3.66894835147993       -0.82801104387768       -0.90059187779199
20
 energy: -33.877000998764 gnorm: 0.004508132189 xtb: 6.7.1 (edcfbbe)
C            2.12816005903508        0.66202915594484       -0.55073727436757
C            2.86372150733838        1.78545571737628       -1.28994420764806
N            4.04090258919085        2.14912665463849       -0.74523831739815
C            4.93475443564732        3.07799869537381       -1.38915126498417
C            6.25623366936794        2.45489098602006       -1.79773498754583
O            7.09781472445733        3.03337359180843       -2.44266944126505
N            0.68555556628407        0.74159459492312       -0.71856613726534
O            2.39833816532198        2.31493192661839       -2.29148354858663
O            6.40705406131460        1.21651914153975       -1.34912739437260
H            0.34688597290174        1.62601861739272       -0.35385258018589
H            0.47277723619726        0.73506157817499       -1.71217085615845
C            2.63685198041466       -0.67551659416468       -1.10405352304741
H            2.34192087860693        0.72095897846837        0.52204070904303
H            4.41270400581023        1.62021023510369        0.03109303396338
H            5.15263477293513        3.93328475455043       -0.73648249448526
H            4.43238913926096        3.45911154315432       -2.28606622678220
H            7.26821067499189        0.83328478847748       -1.60590669688165
H            2.04262123327130       -1.47970441348135       -0.68250163557910
H            2.52868136461911       -0.69206269449450       -2.18695928516659
H            3.68253496303409       -0.82279125742475       -0.85027887128666
20
 energy: -33.877096075197 gnorm: 0.008738760552 xtb: 6.7.1 (edcfbbe)
C            2.12938625695526        0.66938980758115       -0.55449105944147
C            2.87365187998926        1.79055867906353       -1.28837871139505
N            4.03314532224510        2.16941435878565       -0.72115125307636
C            4.94097762062735        3.09397601040330       -1.35111109757071
C            6.23096642297179        2.44086123858869       -1.81134616385079
O            7.08285786103311        3.01157543486334       -2.44994019622340
N            0.69027460823804        0.73208180407625       -0.76254467233752
O            2.42752698901062        2.30373942846002       -2.30671781582566
O            6.34263882930884        1.17809751032639       -1.41687097226771
H            0.33034593605826        1.61373408930130       -0.41268851405926
H            0.50571900626510        0.71758077845657       -1.76143156041393
C            2.66762269733316       -0.66816566196589       -1.07550658646065
H            2.31232842046700        0.74518113379218        0.52353764227010
H            4.38063976910728        1.66080863738038        0.08258043506988
H            5.19777244334245        3.91774174243530       -0.67292969903267
H            4.43289009851394        3.51915509802583       -2.22500832753609
H            7.18064151439586        0.77569560242023       -1.72212058195783
H            2.07291023069459       -1.47547083709623       -0.66451309991452
H            2.59342097766952       -0.70081327904968       -2.15878988006751
H            3.70503011577444       -0.80136557584839       -0.79036888590915
20
 energy: -33.877158169322 gnorm: 0.005740728232 xtb: 6.7.1 (edcfbbe)
C            2.12762342592908        0.67097789872192       -0.55583228080550
C            2.87327735359039        1.79389862456663       -1.28578826809191
N            4.03336422694564        2.16830940491867       -0.71874747984834
C            4.94316108761327        3.09114695147401       -1.34799020298004
C            6.22862117214378        2.43666067571572       -1.81626032715425
O            7.08034923240817        3.00592137733847       -2.45550861975402
N            0.69020849620843        0.72798484382758       -0.77019958805932
O            2.43043968335602        2.31084289445087       -2.30277044273007
O            6.33521851084101        1.17776293099820       -1.42327546542308
H            0.32328447132581        1.60407612639498       -0.41558454123310
H            0.50968693545736        0.71843365783983       -1.76899514870871
C            2.67209929943135       -0.66393157561771       -1.07200788047413
H            2.30461891883480        0.74905209373750        0.52246381837795
H            4.37709362598435        1.66060254347323        0.08519225018878
H            5.20549372276300        3.90913764179655       -0.66809123916504
H            4.43579127552941        3.52146893517838       -2.21758828990924
H            7.16889253250825        0.77615774911941       -1.72853867617917
H            2.08142127888534       -1.47462480923317       -0.65865793846105
H            2.59912762948387       -0.69997109500112       -2.15582279423001
H            3.71097412076165       -0.79013086970001       -0.78578788536005
20
 energy: -33.877217034568 gnorm: 0.006498228748 xtb: 6.7.1 (edcfbbe)
C            2.12552006864024        0.67707257942065       -0.55825141044576
C            2.87871294022797        1.79954062766250       -1.28159076140499
N            4.02944319047778        2.18279014047867       -0.69320418511053
C            4.94689139487317        3.09903301052971       -1.32075160824762
C            6.21400895855394        2.42771537033503       -1.82833019052388
O            7.06539069120513        2.99581811092101       -2.46790847543957
N            0.69205849566347        0.71888082329271       -0.80138013875609
O            2.45345174124435        2.31009641484532       -2.31127761824245
O            6.29890412020989        1.15538663032027       -1.47187946856431
H            0.30650722141147        1.59152687067106       -0.45467106994323
H            0.52929767189791        0.70272479912928       -1.80418353039166
C            2.69228412135354       -0.65689209862358       -1.05254709489557
H            2.28001397943919        0.76682011693502        0.52322519831349
H            4.36323287425582        1.67652297254517        0.11184592870135
H            5.23791323774686        3.89816555604712       -0.62932688611174
H            4.43208231635919        3.55398021485154       -2.17396234942099
H            7.11622846584320        0.73807035410571       -1.79912683838160
H            2.09242400383331       -1.46871179239073       -0.64601831919459
H            2.64700596281253       -0.69925947947652       -2.14253663734988
H            3.72937554395207       -0.77550522159999       -0.73791554459077
20
 energy: -33.877299656891 gnorm: 0.004964132509 xtb: 6.7.1 (edcfbbe)
C            2.12370660892433        0.68133481339770       -0.56016798082589
C            2.87900271698101        1.80422736580121       -1.28077438812240
N            4.02902394040353        2.18471221801747       -0.68744737668216
C            4.94948803329803        3.10000449008654       -1.31158132724135
C            6.20971341401730        2.42534641685976       -1.82768284960960
O            7.06051733530373        2.99172302881556       -2.46946437033226
N            0.69308339571020        0.71269311273347       -0.81630540400050
O            2.45934808941982        2.31803596795109       -2.31012770775718
O            6.28240167871234        1.14811005264363       -1.48691847919592
H            0.29631932567965        1.58000733498658       -0.46809133924124
H            0.53850050690064        0.69871923623750       -1.82085251980734
C            2.70230965916258       -0.65183419711799       -1.04361117866420
H            2.26898619180472        0.77771990873417        0.52154425492324
H            4.35848354751988        1.67668002287647        0.11575376829946
H            5.24862773534446        3.89012634910768       -0.61631420967087
H            4.43651999499966        3.56482704203554       -2.15902693432026
H            7.09080998115281        0.71978738925107       -1.82428157777224
H            2.11701184479731       -1.46589343828007       -0.62594764753293
H            2.64717191829910       -0.70500171135122       -2.12845721466043
H            3.73972108156996       -0.75754940278620       -0.74003651778633
20
 energy: -33.877351753790 gnorm: 0.004461723753 xtb: 6.7.1 (edcfbbe)
C            2.12138327264343        0.68805904444911       -0.56296192890987
C            2.88064172383840        1.81197239958659       -1.27760871997749
N            4.02583687715461        2.19104323597449       -0.67569299856015
C            4.95347700003523        3.10379543209993       -1.29274495544787
C            6.19584385931015        2.41455283604202       -1.83747706472946
O            7.05048698531187        2.98217539728740       -2.47375373397917
N            0.69520267122822        0.70376917743690       -0.84551260824664
O            2.47070114273461        2.32625801955283       -2.30879134364432
O            6.24690588521390        1.12911882139990       -1.52362362720173
H            0.28231960488672        1.56434399973882       -0.50000483553563
H            0.55855095476594        0.69231935697014       -1.85299125918693
C            2.72165014767513       -0.64435310716915       -1.02639621308073
H            2.24729783438347        0.79411669137492        0.52066475655801
H            4.34650120867592        1.68276169088883        0.13192285694429
H            5.27575001398416        3.87496692776733       -0.58343410454792
H            4.43816280247598        3.59486259025551       -2.12641969002890
H            7.04194291423399        0.68948728424667       -1.87670666883742
H            2.14891905414395       -1.46084657465746       -0.60019541926558
H            2.67073613269763       -0.71402094599365       -2.10950006839195
H            3.75843691460782       -0.73060627725113       -0.71856337393097
20
 energy: -33.877395399033 gnorm: 0.003827940754 xtb: 6.7.1 (edcfbbe)
C            2.11840858238174        0.69250870238668       -0.56486431919984
C            2.87880611074353        1.81935674360223       -1.27323686874683
N            4.02401366353859        2.19213732910747       -0.66854251955872
C            4.95621437022496        3.10179056495521       -1.28293240978315
C            6.18856603412489        2.40865119467431       -1.84111834740606
O            7.04310824092577        2.97715471017165       -2.47728078528633
N            0.69667417621564        0.69713604198425       -0.86415218094823
O            2.47321914970599        2.33734095094458       -2.30340146712665
O            6.22871132725798        1.12256851095853       -1.54008315390715
H            0.27378035265646        1.55062496090910       -0.51654403110675
H            0.57217023234670        0.69416381642468       -1.87264079912422
C            2.73329287170159       -0.63780949861325       -1.01709822233166
H            2.23165817717555        0.80176715727813        0.51904183970935
H            4.34262609105558        1.67780178830225        0.13778649261155
H            5.28751248070615        3.86376435574246       -0.57088544352428
H            4.44274355724670        3.60325817997877       -2.10962272810151
H            7.01492288678314        0.67313604112126       -1.90354813632001
H            2.17382288913844       -1.45671500431902       -0.57828570047119
H            2.67764831516583       -0.72002571195190       -2.09949647173849
H            3.77284749090590       -0.70483483365739       -0.71288574764031
20
 energy: -33.877424238986 gnorm: 0.002821994030 xtb: 6.7.1 (edcfbbe)
C            2.11606226200186        0.69738107667473       -0.56622588790540
C            2.87919690325598        1.82614161894259       -1.26836464248208
N            4.02101363821072        2.19817777702379       -0.65472608220814
C            4.95979686107127        3.10303726377552       -1.26605366456856
C            6.17735610850828        2.40070370740813       -1.84812209467720
O            7.03346353901025        2.96887058559174       -2.48264392675262
N            0.69919603955788        0.68961732587901       -0.88878276761438
O            2.48005453278705        2.34424707833729       -2.30195054559950
O            6.20098079358985        1.10758734484366       -1.57168865668816
H            0.26207265212145        1.53830567378661       -0.54546214388146
H            0.59184596065241        0.68991729658530       -1.89977022244833
C            2.74889540692769       -0.63021750966240       -1.00281772157001
H            2.21162809853935        0.81199747046750        0.51894521957664
H            4.33668179455579        1.67805189361398        0.14983861977362
H            5.30728686885302        3.85162590793220       -0.54767258589412
H            4.44525711217949        3.62120402261129       -2.08169965307116
H            6.97723324836337        0.65217763976747       -1.94511721927138
H            2.19891545951494       -1.45168624362416       -0.55475817200181
H            2.69404474279674       -0.72440059548790       -2.08477058698893
H            3.78976497750379       -0.67896333446633       -0.69794826572753
20
 energy: -33.877445667812 gnorm: 0.003345430376 xtb: 6.7.1 (edcfbbe)
C            2.11504690967901        0.69803100543082       -0.56601586199043
C            2.87813029724732        1.82842158303364       -1.26517052226903
N            4.02031696065823        2.19897196995220       -0.65096003698141
C            4.96092305392333        3.10190291436038       -1.26216561357097
C            6.17333937814941        2.39793214591686       -1.85011481247203
O            7.03050998524296        2.96411897042302       -2.48494009055124
N            0.70089639443197        0.68767332554792       -0.89676269937638
O            2.47505534935750        2.35084186893907       -2.29503201531425
O            6.19371343787954        1.10574128967542       -1.57761819424821
H            0.25985036886329        1.53631631416769       -0.55800858056687
H            0.60100214610696        0.68976768255464       -1.90834472674094
C            2.75259013261731       -0.62733025681955       -0.99847649843369
H            2.20414266983305        0.81191769303511        0.51914854990368
H            4.34122120352662        1.66933233172556        0.14576059738239
H            5.31257892073257        3.84757517868980       -0.54288140532115
H            4.44594048383978        3.62400139843140       -2.07477898525045
H            6.96929422308818        0.65275917505339       -1.95133862215219
H            2.20882269122560       -1.44909109085478       -0.54193326942300
H            2.69171326496414       -0.72691072562847       -2.08004801582967
H            3.79565912863443       -0.66819677363412       -0.70011019679468
20
 energy: -33.877458586975 gnorm: 0.003053188515 xtb: 6.7.1 (edcfbbe)
C            2.11390011727480        0.70097875073085       -0.56708544913489
C            2.87966657854158        1.83425359383600       -1.25893747412174
N            4.01786330601986        2.20634358162825       -0.63831281455324
C            4.96423128284048        3.10533837023256       -1.24683623566638
C            6.16194084368200        2.39243771110647       -1.85423707673972
O            7.02295405876296        2.95119825347475       -2.49027089224594
N            0.70431918002440        0.68192761274571       -0.91992278447265
O            2.47653917849214        2.36012788192475       -2.28711083720495
O            6.16651555679785        1.09491116770196       -1.60139725943583
H            0.25275489401018        1.52984908944631       -0.59163008920865
H            0.62163418556267        0.68283724470499       -1.93343379978155
C            2.76532851518533       -0.62217315898172       -0.98486879374407
H            2.18544794812751        0.81941545189560        0.51969679609484
H            4.34026199139962        1.66770953878758        0.15195834819101
H            5.33057714081117        3.83913790827156       -0.52126260344732
H            4.44798895792681        3.64288450592793       -2.04967186844878
H            6.93378610071183        0.63565814669817       -1.99440661063671
H            2.22865618045200       -1.44496854213383       -0.52060496255669
H            2.70688057687772       -0.73354847118902       -2.06673502837117
H            3.80950040650034       -0.65054263680883       -0.68472156451611
20
 energy: -33.877471849200 gnorm: 0.001852200606 xtb: 6.7.1 (edcfbbe)
C            2.11454873050231        0.70000084246227       -0.56670077798808
C            2.87894251259876        1.83435585538642       -1.25872417190576
N            4.01897869383407        2.20473045079525       -0.64203623634432
C            4.96361887623327        3.10469302547177       -1.25205951194984
C            6.16449196074621        2.39481777568307       -1.85197099104124
O            7.02756968336244        2.95532972450975       -2.48388277560137
N            0.70450934666983        0.68355257386652       -0.91460188930412
O            2.47209639809771        2.36288824716517       -2.28443878129060
O            6.17065673497765        1.09621413529204       -1.59670075747177
H            0.25720150875163        1.53345258180719       -0.58783007614558
H            0.61822130128556        0.68171928999861       -1.92698415633270
C            2.76095131932712       -0.62414563054587       -0.98725893183628
H            2.18952631324995        0.81781727231948        0.51953526245201
H            4.34510166710172        1.66341696173516        0.14472152524214
H            5.32471352000547        3.84126369528081       -0.52829516502611
H            4.44849237531831        3.63852031804219       -2.05731008185920
H            6.94225225206492        0.64305188325041       -1.98319505190586
H            2.22440398693185       -1.44612504428049       -0.52275881982310
H            2.69892792929998       -0.73477899463924       -2.06844816376254
H            3.80554188964245       -0.65699896360049       -0.69085144810621
20
 energy: -33.877476878644 gnorm: 0.001511627214 xtb: 6.7.1 (edcfbbe)
C            2.11425573611495        0.70070513817352       -0.56632212398353
C            2.87890183972720        1.83603895241189       -1.25735160191931
N            4.01978900402481        2.20460614045297       -0.64047604066120
C            4.96382932185802        3.10467535486060       -1.25191697748785
C            6.16448354861517        2.39370315131599       -1.85421548270501
O            7.02833409512471        2.95500584455296       -2.48395861407320
N            0.70421061486245        0.68306118737433       -0.91549619009281
O            2.47221658202722        2.36851746234408       -2.28160881381508
O            6.17128183901986        1.09706723441996       -1.59692008635176
H            0.25660424508300        1.53440804997351       -0.59227278302061
H            0.61793499188001        0.67431621007106       -1.92822123948984
C            2.76004055762021       -0.62427409677042       -0.98634604700016
H            2.18889577915109        0.82070004841705        0.51981254317500
H            4.34729375303184        1.66059957532590        0.14331332419456
H            5.32707469574119        3.84049059608592       -0.52763417941420
H            4.44697540067646        3.63949794273244       -2.05584697475071
H            6.94362904487634        0.64578071969524       -1.98371994616781
H            2.22385758810924       -1.44620508151964       -0.52261649019406
H            2.69674322709349       -0.73546728680296       -2.06622925848107
H            3.80439513536397       -0.65945114311439       -0.69176401776189
20
 energy: -33.877482883195 gnorm: 0.001234826535 xtb: 6.7.1 (edcfbbe)
C            2.11333384514387        0.70215211210105       -0.56700911359116
C            2.87907771938852        1.83813245701250       -1.25599742312006
N            4.02004393008200        2.20479265367775       -0.63765946159604
C            4.96478871835904        3.10512656651319       -1.24787702587842
C            6.16221252036918        2.39319997105909       -1.85461206134251
O            7.02741684885380        2.95432044241972       -2.48251785400925
N            0.70483499230801        0.68141264773668       -0.92183481994262
O            2.47204638112508        2.37593568726456       -2.27670039966523
O            6.16389671387916        1.09356157989371       -1.60581707771323
H            0.25499769463298        1.53363856507611       -0.60411011443944
H            0.62239774311028        0.66712397938027       -1.93485463366450
C            2.76305484057408       -0.62275776201866       -0.98186742583452
H            2.18330604082224        0.82455583761656        0.51914720427880
H            4.34849358218476        1.65671408571868        0.14293884701935
H            5.33154544078518        3.83714605981333       -0.52207402003811
H            4.44804797368492        3.64390232942541       -2.04873660168850
H            6.93398560983733        0.64130487851115       -1.99703654088814
H            2.22808373854200       -1.44415234028276       -0.51553446964197
H            2.70132306358339       -0.73794430313437       -2.06194356948260
H            3.80785960273541       -0.65438944778395       -0.68569443876238
20
 energy: -33.877487956411 gnorm: 0.000580029668 xtb: 6.7.1 (edcfbbe)
C            2.11274353132684        0.70232213140809       -0.56716129263214
C            2.87786176078781        1.83886718139549       -1.25541644280971
N            4.02055409580017        2.20312066486173       -0.63835247687443
C            4.96520782028902        3.10413684279035       -1.24741975448703
C            6.16386504148010        2.39403423714368       -1.85372803849813
O            7.02888382400886        2.95595107991184       -2.48133593947406
N            0.70434719424126        0.68153390471349       -0.92188621133424
O            2.47077828322091        2.37633428137676       -2.27659439943014
O            6.16474322797070        1.09419086574976       -1.60871568347321
H            0.25539537037899        1.53483622974359       -0.60717003873254
H            0.62243601488504        0.66457847756999       -1.93436826002045
C            2.76278193372858       -0.62245114547119       -0.98090443429755
H            2.18198692729843        0.82432488961225        0.51903096257791
H            4.34866668765613        1.65505941834833        0.14268633547848
H            5.33123741305517        3.83597677172041       -0.52112197504594
H            4.44827184168456        3.64310061099831       -2.04794765189782
H            6.93422278537215        0.64206361140137       -2.00115825500819
H            2.22635852984009       -1.44342349890875       -0.51533325912932
H            2.70410683208156       -0.73753779616534       -2.06108974707171
H            3.80629788489486       -0.65324275820014       -0.68180443784031
20
 energy: -33.877493305822 gnorm: 0.000856440143 xtb: 6.7.1 (edcfbbe)
C            2.11147424450313        0.70292792214563       -0.56676200089480
C            2.87714407858351        1.83864022913364       -1.25525472873468
N            4.02207046324536        2.19935058236218       -0.64016706247247
C            4.96570903019335        3.10278335903776       -1.24681877914470
C            6.16491789252136        2.39521545926423       -1.85496311333643
O            7.03159174292912        2.95984904485644       -2.47806273765409
N            0.70312136215396        0.68218683301588       -0.92177024516557
O            2.46862588869329        2.37799225579723       -2.27500702492991
O            6.16630703436630        1.09512299790973       -1.61416699624782
H            0.25560195957499        1.53808325808084       -0.61288722854156
H            0.62166863157944        0.65894263737234       -1.93385746269060
C            2.76214667291484       -0.62188208636324       -0.97886187993396
H            2.17996390810335        0.82505684731402        0.51952248788179
H            4.34978779014137        1.65115981700577        0.14108787928505
H            5.33059902691115        3.83395468963409       -0.51917465840333
H            4.44831817600360        3.64244633036654       -2.04653418393024
H            6.93649563501165        0.64396530526245       -2.00628121885716
H            2.22275876846884       -1.44227763793926       -0.51566535868628
H            2.70850799686442       -0.73662167164441       -2.05928581941812
H            3.80393669723818       -0.65312017261181       -0.67488086812565
20
 energy: -33.877501070984 gnorm: 0.001003019863 xtb: 6.7.1 (edcfbbe)
C            2.10916751498655        0.70421315272092       -0.56549882727610
C            2.87610480441434        1.83873379806025       -1.25425673091749
N            4.02495384661165        2.19270604767987       -0.64321899312176
C            4.96661741293993        3.10045774521743       -1.24602345593713
C            6.16867214191342        2.39808713893288       -1.85477675089191
O            7.03668786113939        2.96810515201687       -2.47142806523735
N            0.70108407659806        0.68320590304391       -0.92195634896410
O            2.46510022825655        2.38270969641925       -2.27048585558027
O            6.16946252604016        1.09635120939723       -1.62507084155471
H            0.25607433962975        1.54482534705120       -0.62490694160370
H            0.62022679112048        0.64645611435877       -1.93387059740833
C            2.76053072611338       -0.62147107718755       -0.97417319721448
H            2.17581174921304        0.82795306562764        0.52086417136441
H            4.35184401038651        1.64430032791824        0.13808540708477
H            5.32885868776423        3.83078986034011       -0.51617130308091
H            4.44843235621607        3.64096080324584       -2.04480209302485
H            6.94002308148915        0.64718758779306       -2.01882767659443
H            2.21512283154029       -1.44136200983551       -0.51708998364729
H            2.71641493811552       -0.73472537966550       -2.05522625292436
H            3.79955707551272       -0.65570848313486       -0.66095666347049
20
 energy: -33.877505612978 gnorm: 0.000761360510 xtb: 6.7.1 (edcfbbe)
C            2.10726061135984        0.70511190159828       -0.56422572633883
C            2.87494722723940        1.84007985931057       -1.25204631572663
N            4.02753157593679        2.18752349091096       -0.64498823961519
C            4.96764431270644        3.09839519363478       -1.24543670303728
C            6.17123969903386        2.40057295737181       -1.85641268567896
O            7.04128410024653        2.97624475793152       -2.46489991213222
N            0.69984668584187        0.68343757297435       -0.92303495646360
O            2.46216278328863        2.38915044979800       -2.26477183622355
O            6.17208531433292        1.09703867169673       -1.63596488090045
H            0.25706904945674        1.55041242473415       -0.63742402896536
H            0.61998228726549        0.63441320846008       -1.93473759121179
C            2.75842333918227       -0.62183241485516       -0.96920220028247
H            2.17123614718991        0.83139364873102        0.52207314727642
H            4.35434445073142        1.63781961808938        0.13518329761777
H            5.32812154518805        3.82798476694355       -0.51394946230256
H            4.44839145192809        3.63965391746893       -2.04309513720716
H            6.94414098516209        0.65088120432976       -2.03029560895165
H            2.20707919793742       -1.44117482843721       -0.51818721050023
H            2.72300859227295       -0.73314136474650       -2.05089418289421
H            3.79494764370049       -0.66018903594492       -0.64748076646253
